<?xml version="1.0" encoding="UTF-8"?>
<!-- Generated by org.testng.reporters.JUnitReportReporter -->
<testsuite hostname="Chandan" failures="0" tests="1" name="com.keyword.driven.FirstTestNG" time="0.011" errors="0" timestamp="2022-07-15T19:27:39 IST" skipped="0">
  <testcase classname="com.keyword.driven.FirstTestNG" name="test1" time="0.011"/>
  <system-out/>
</testsuite> <!-- com.keyword.driven.FirstTestNG -->
